<?xml version="1.0" encoding="UTF-8"?>
<!-- Generated by org.testng.reporters.JUnitReportReporter -->
<testsuite hostname="tokys-MacBook-Air.local" failures="0" tests="1" name="com.my.runner.MyRunner" time="0.195" errors="1" timestamp="2022-04-12T12:13:47 EDT" skipped="0">
  <testcase classname="com.my.runner.MyRunner" name="runScenario" time="0.195">
    <error message="The driver is not executable: /Users/hhh/eclipse-workspace/IdenticalProject/./Drivers/chromedriver.exe" type="java.lang.IllegalStateException">
      <![CDATA[java.lang.IllegalStateException: The driver is not executable: /Users/hhh/eclipse-workspace/IdenticalProject/./Drivers/chromedriver.exe
at com.google.common.base.Preconditions.checkState(Preconditions.java:585)
at org.openqa.selenium.remote.service.DriverService.checkExecutable(DriverService.java:150)
at org.openqa.selenium.remote.service.DriverService.findExecutable(DriverService.java:141)
at org.openqa.selenium.chrome.ChromeDriverService.access$000(ChromeDriverService.java:35)
at org.openqa.selenium.chrome.ChromeDriverService$Builder.findDefaultExecutable(ChromeDriverService.java:159)
at org.openqa.selenium.remote.service.DriverService$Builder.build(DriverService.java:355)
at org.openqa.selenium.chrome.ChromeDriverService.createDefaultService(ChromeDriverService.java:94)
at org.openqa.selenium.chrome.ChromeDriver.<init>(ChromeDriver.java:123)
at step.definitions.LoginStepDef.user_able_to_open_a_any_browser(LoginStepDef.java:17)
at âœ½.User able to open a any browser(file:///Users/hhh/eclipse-workspace/IdenticalProject/./Features/SetsOFData.feature:6)
]]>
    </error>
  </testcase> <!-- runScenario -->
  <system-out/>
</testsuite> <!-- com.my.runner.MyRunner -->
